<?xml version="1.0" encoding="UTF-8"?><testrun name="learnAutomation" project="learnAutomation" tests="4" started="0" failures="0" errors="1" ignored="0">
  <testsuite name="steps_definitions.RunnerTest" incomplete="true">
    <error>cucumber.runtime.CucumberException: java.io.FileNotFoundException: target (Access is denied)&#13;
	at cucumber.runtime.formatter.PluginFactory.create(PluginFactory.java:89)&#13;
	at cucumber.runtime.RuntimeOptions.getPlugins(RuntimeOptions.java:241)&#13;
	at cucumber.runtime.RuntimeOptions$1.invoke(RuntimeOptions.java:287)&#13;
	at com.sun.proxy.$Proxy10.uri(Unknown Source)&#13;
	at cucumber.runtime.junit.JUnitReporter.uri(JUnitReporter.java:160)&#13;
	at cucumber.runtime.junit.FeatureRunner.run(FeatureRunner.java:68)&#13;
	at cucumber.api.junit.Cucumber.runChild(Cucumber.java:93)&#13;
	at cucumber.api.junit.Cucumber.runChild(Cucumber.java:37)&#13;
	at org.junit.runners.ParentRunner$3.run(ParentRunner.java:290)&#13;
	at org.junit.runners.ParentRunner$1.schedule(ParentRunner.java:71)&#13;
	at org.junit.runners.ParentRunner.runChildren(ParentRunner.java:288)&#13;
	at org.junit.runners.ParentRunner.access$000(ParentRunner.java:58)&#13;
	at org.junit.runners.ParentRunner$2.evaluate(ParentRunner.java:268)&#13;
	at org.junit.runners.ParentRunner.run(ParentRunner.java:363)&#13;
	at cucumber.api.junit.Cucumber.run(Cucumber.java:98)&#13;
	at org.eclipse.jdt.internal.junit4.runner.JUnit4TestReference.run(JUnit4TestReference.java:86)&#13;
	at org.eclipse.jdt.internal.junit.runner.TestExecution.run(TestExecution.java:38)&#13;
	at org.eclipse.jdt.internal.junit.runner.RemoteTestRunner.runTests(RemoteTestRunner.java:459)&#13;
	at org.eclipse.jdt.internal.junit.runner.RemoteTestRunner.runTests(RemoteTestRunner.java:678)&#13;
	at org.eclipse.jdt.internal.junit.runner.RemoteTestRunner.run(RemoteTestRunner.java:382)&#13;
	at org.eclipse.jdt.internal.junit.runner.RemoteTestRunner.main(RemoteTestRunner.java:192)&#13;
Caused by: java.io.FileNotFoundException: target (Access is denied)&#13;
	at java.io.FileOutputStream.open0(Native Method)&#13;
	at java.io.FileOutputStream.open(Unknown Source)&#13;
	at java.io.FileOutputStream.&lt;init&gt;(Unknown Source)&#13;
	at java.io.FileOutputStream.&lt;init&gt;(Unknown Source)&#13;
	at cucumber.runtime.io.URLOutputStream.&lt;init&gt;(URLOutputStream.java:34)&#13;
	at cucumber.runtime.io.URLOutputStream.&lt;init&gt;(URLOutputStream.java:24)&#13;
	at cucumber.runtime.formatter.PluginFactory.convertOrNull(PluginFactory.java:142)&#13;
	at cucumber.runtime.formatter.PluginFactory.instantiate(PluginFactory.java:99)&#13;
	at cucumber.runtime.formatter.PluginFactory.create(PluginFactory.java:87)&#13;
	... 20 more&#13;
&#13;
</error>
    <testsuite name="Feature: google search" incomplete="true">
      <testsuite name="java" incomplete="true">
        <testcase name="When I navigate to the Home page(Scenario: first test " classname="java)" incomplete="true"/>
        <testcase name="Then I see search feald(Scenario: first test " classname="java)" incomplete="true"/>
        <testcase name="When I text iin search filed(Scenario: first test " classname="java)" incomplete="true"/>
        <testcase name="Then I see results(Scenario: first test " classname="java)" incomplete="true"/>
      </testsuite>
    </testsuite>
  </testsuite>
</testrun>
